Start testing: Mar 23 16:01 MDT
----------------------------------------------------------
2/3 Testing: TestArray.TestEmptyArrayInitialized
2/3 Test: TestArray.TestEmptyArrayInitialized
Command: "/home/adam-torek/StandardDataStructures/build/Tester" "--gtest_filter=TestArray.TestEmptyArrayInitialized" "--gtest_also_run_disabled_tests"
Directory: /home/adam-torek/StandardDataStructures/build
"TestArray.TestEmptyArrayInitialized" start time: Mar 23 16:01 MDT
Output:
----------------------------------------------------------
Running main() from /home/adam-torek/StandardDataStructures/build/_deps/googletest-src/googletest/src/gtest_main.cc
Note: Google Test filter = TestArray.TestEmptyArrayInitialized
[==========] Running 1 test from 1 test suite.
[----------] Global test environment set-up.
[----------] 1 test from TestArray
[ RUN      ] TestArray.TestEmptyArrayInitialized
[       OK ] TestArray.TestEmptyArrayInitialized (0 ms)
[----------] 1 test from TestArray (0 ms total)

[----------] Global test environment tear-down
[==========] 1 test from 1 test suite ran. (0 ms total)
[  PASSED  ] 1 test.
<end of output>
Test time =   0.00 sec
----------------------------------------------------------
Test Passed.
"TestArray.TestEmptyArrayInitialized" end time: Mar 23 16:01 MDT
"TestArray.TestEmptyArrayInitialized" time elapsed: 00:00:00
----------------------------------------------------------

End testing: Mar 23 16:01 MDT
