Start testing: Mar 19 18:24 MDT
----------------------------------------------------------
1/1 Testing: TestArray.TestEmptyArray
1/1 Test: TestArray.TestEmptyArray
Command: "/home/adam-torek/StandardDataStructures/build/Tester" "--gtest_filter=TestArray.TestEmptyArray" "--gtest_also_run_disabled_tests"
Directory: /home/adam-torek/StandardDataStructures/build
"TestArray.TestEmptyArray" start time: Mar 19 18:24 MDT
Output:
----------------------------------------------------------
Running main() from /home/adam-torek/StandardDataStructures/build/_deps/googletest-src/googletest/src/gtest_main.cc
Note: Google Test filter = TestArray.TestEmptyArray
[==========] Running 1 test from 1 test suite.
[----------] Global test environment set-up.
[----------] 1 test from TestArray
[ RUN      ] TestArray.TestEmptyArray
[       OK ] TestArray.TestEmptyArray (0 ms)
[----------] 1 test from TestArray (0 ms total)

[----------] Global test environment tear-down
[==========] 1 test from 1 test suite ran. (0 ms total)
[  PASSED  ] 1 test.
<end of output>
Test time =   0.00 sec
----------------------------------------------------------
Test Passed.
"TestArray.TestEmptyArray" end time: Mar 19 18:24 MDT
"TestArray.TestEmptyArray" time elapsed: 00:00:00
----------------------------------------------------------

End testing: Mar 19 18:24 MDT
