<?xml version="1.0" encoding="UTF-8"?>
<Site BuildName="Linux-g++"
	BuildStamp="20240318-1739-Experimental"
	Name="behemoth"
	Generator="ctest-3.22.1"
	CompilerName="g++"
	CompilerVersion="11.4.0"
	OSName="Linux"
	Hostname="behemoth"
	OSRelease="6.5.0-25-generic"
	OSVersion="#25~22.04.1-Ubuntu SMP PREEMPT_DYNAMIC Tue Feb 20 16:09:15 UTC 2"
	OSPlatform="x86_64"
	Is64Bits="1"
	VendorString="AuthenticAMD"
	VendorID="Advanced Micro Devices"
	FamilyID="25"
	ModelID="33"
	ProcessorCacheSize="512"
	NumberOfLogicalCPU="32"
	NumberOfPhysicalCPU="16"
	TotalVirtualMemory="2047"
	TotalPhysicalMemory="64188"
	LogicalProcessorsPerPhysical="2"
	ProcessorClockFrequency="3916.56"
	>
	<Testing>
		<StartDateTime>Mar 18 17:59 MDT</StartDateTime>
		<StartTestTime>1710806388</StartTestTime>
		<TestList>
			<Test>./Test_Empty_Array</Test>
		</TestList>
		<Test Status="passed">
			<Name>Test Empty Array</Name>
			<Path>.</Path>
			<FullName>./Test_Empty_Array</FullName>
			<FullCommandLine>/home/adam-torek/StandardDataStructures/build/Tester "Test Empty Array"</FullCommandLine>
			<Results>
				<NamedMeasurement type="numeric/double" name="Execution Time">
					<Value>0.00232999</Value>
				</NamedMeasurement>
				<NamedMeasurement type="numeric/double" name="Processors">
					<Value>1</Value>
				</NamedMeasurement>
				<NamedMeasurement type="text/string" name="Completion Status">
					<Value>Completed</Value>
				</NamedMeasurement>
				<NamedMeasurement type="text/string" name="Command Line">
					<Value>/home/adam-torek/StandardDataStructures/build/Tester "Test Empty Array"</Value>
				</NamedMeasurement>
				<NamedMeasurement type="text/string" name="Environment">
					<Value>#CTEST_RESOURCE_GROUP_COUNT=</Value>
				</NamedMeasurement>
				<Measurement>
					<Value encoding="base64" compression="gzip">eJxzy8wpSS0qtlJQCkktLlFwzS0oqVRwLCpKrFTiCkrMS8nPzUstLlYoTk1NSU1RKMm3UjA2NjEytDQ1NjHnsqUu4HLMyVEoATqjWKEgsbgYaJ+GkQKIUVSSmZ9XrJCZp2AIlldITixO1eTiAgB5nzZz====</Value>
				</Measurement>
			</Results>
		</Test>
		<EndDateTime>Mar 18 17:59 MDT</EndDateTime>
		<EndTestTime>1710806388</EndTestTime>
		<ElapsedMinutes>0</ElapsedMinutes>
	</Testing>
</Site>
