<?xml version="1.0" encoding="UTF-8"?>
<Site BuildName="Linux-g++"
	BuildStamp="20240530-0520-Experimental"
	Name="behemoth"
	Generator="ctest-3.22.1"
	CompilerName="g++"
	CompilerVersion="11.4.0"
	OSName="Linux"
	Hostname="behemoth"
	OSRelease="6.5.0-35-generic"
	OSVersion="#35~22.04.1-Ubuntu SMP PREEMPT_DYNAMIC Tue May  7 09:00:52 UTC 2"
	OSPlatform="x86_64"
	Is64Bits="1"
	VendorString="AuthenticAMD"
	VendorID="Advanced Micro Devices"
	FamilyID="25"
	ModelID="33"
	ProcessorCacheSize="512"
	NumberOfLogicalCPU="32"
	NumberOfPhysicalCPU="16"
	TotalVirtualMemory="2047"
	TotalPhysicalMemory="64188"
	LogicalProcessorsPerPhysical="2"
	ProcessorClockFrequency="4567.37"
	>
	<Testing>
		<StartDateTime>May 29 23:20 MDT</StartDateTime>
		<StartTestTime>1717046433</StartTestTime>
		<TestList/>
		<EndDateTime>May 29 23:20 MDT</EndDateTime>
		<EndTestTime>1717046433</EndTestTime>
		<ElapsedMinutes>0</ElapsedMinutes>
	</Testing>
</Site>
