<?xml version="1.0" encoding="UTF-8"?>
<Site BuildName="Linux-g++"
	BuildStamp="20240511-2217-Experimental"
	Name="behemoth"
	Generator="ctest-3.22.1"
	CompilerName="g++"
	CompilerVersion="11.4.0"
	OSName="Linux"
	Hostname="behemoth"
	OSRelease="6.5.0-28-generic"
	OSVersion="#29~22.04.1-Ubuntu SMP PREEMPT_DYNAMIC Thu Apr  4 14:39:20 UTC 2"
	OSPlatform="x86_64"
	Is64Bits="1"
	VendorString="AuthenticAMD"
	VendorID="Advanced Micro Devices"
	FamilyID="25"
	ModelID="33"
	ProcessorCacheSize="512"
	NumberOfLogicalCPU="32"
	NumberOfPhysicalCPU="16"
	TotalVirtualMemory="2047"
	TotalPhysicalMemory="64188"
	LogicalProcessorsPerPhysical="2"
	ProcessorClockFrequency="3825.19"
	>
	<Testing>
		<StartDateTime>May 11 16:17 MDT</StartDateTime>
		<StartTestTime>1715465868</StartTestTime>
		<TestList/>
		<EndDateTime>May 11 16:17 MDT</EndDateTime>
		<EndTestTime>1715465868</EndTestTime>
		<ElapsedMinutes>0</ElapsedMinutes>
	</Testing>
</Site>
