<?xml version="1.0" encoding="UTF-8"?>
<Site BuildName="Linux-g++"
	BuildStamp="20240319-0332-Experimental"
	Name="behemoth"
	Generator="ctest-3.22.1"
	CompilerName="g++"
	CompilerVersion="11.4.0"
	OSName="Linux"
	Hostname="behemoth"
	OSRelease="6.5.0-25-generic"
	OSVersion="#25~22.04.1-Ubuntu SMP PREEMPT_DYNAMIC Tue Feb 20 16:09:15 UTC 2"
	OSPlatform="x86_64"
	Is64Bits="1"
	VendorString="AuthenticAMD"
	VendorID="Advanced Micro Devices"
	FamilyID="25"
	ModelID="33"
	ProcessorCacheSize="512"
	NumberOfLogicalCPU="32"
	NumberOfPhysicalCPU="16"
	TotalVirtualMemory="2047"
	TotalPhysicalMemory="64188"
	LogicalProcessorsPerPhysical="2"
	ProcessorClockFrequency="4525.2"
	>
	<Testing>
		<StartDateTime>Mar 19 17:36 MDT</StartDateTime>
		<StartTestTime>1710891365</StartTestTime>
		<TestList/>
		<EndDateTime>Mar 19 17:36 MDT</EndDateTime>
		<EndTestTime>1710891365</EndTestTime>
		<ElapsedMinutes>0</ElapsedMinutes>
	</Testing>
</Site>
